e:\uni\advanced graphics and real-time rendering\advanced graphics framework\tutorial01\release\vc142.pdb
e:\uni\advanced graphics and real-time rendering\advanced graphics framework\tutorial01\release\main.obj
e:\uni\advanced graphics and real-time rendering\advanced graphics framework\tutorial01\release\drawablegameobject.obj
e:\uni\advanced graphics and real-time rendering\advanced graphics framework\tutorial01\release\ddstextureloader.obj
e:\uni\advanced graphics and real-time rendering\advanced graphics framework\tutorial01\release\camera2.obj
d:\uni\advanced graphics and real-time rendering\advanced graphics framework\tutorial01\release\vc142.pdb
d:\uni\advanced graphics and real-time rendering\advanced graphics framework\tutorial01\release\main.obj
d:\uni\advanced graphics and real-time rendering\advanced graphics framework\tutorial01\release\drawablegameobject.obj
d:\uni\advanced graphics and real-time rendering\advanced graphics framework\tutorial01\release\ddstextureloader.obj
d:\uni\advanced graphics and real-time rendering\advanced graphics framework\tutorial01\release\camera2.obj
e:\uni\advanced graphics and real-time rendering\advanced graphics framework\release\shader.cso
d:\uni\advanced graphics and real-time rendering\advanced graphics framework\release\shader.cso
e:\uni\advanced graphics and real-time rendering\advanced graphics framework\release\tutorial01.exe
e:\uni\advanced graphics and real-time rendering\advanced graphics framework\release\tutorial01.pdb
e:\uni\advanced graphics and real-time rendering\advanced graphics framework\tutorial01\release\tutorial01.res
d:\uni\advanced graphics and real-time rendering\advanced graphics framework\tutorial01\release\tutorial01.res
e:\uni\advanced graphics and real-time rendering\advanced graphics framework\release\tutorial01.ipdb
e:\uni\advanced graphics and real-time rendering\advanced graphics framework\release\tutorial01.iobj
d:\uni\advanced graphics and real-time rendering\advanced graphics framework\release\tutorial01.pdb
d:\uni\advanced graphics and real-time rendering\advanced graphics framework\tutorial01\release\tutorial01.tlog\cl.command.1.tlog
d:\uni\advanced graphics and real-time rendering\advanced graphics framework\tutorial01\release\tutorial01.tlog\cl.read.1.tlog
d:\uni\advanced graphics and real-time rendering\advanced graphics framework\tutorial01\release\tutorial01.tlog\cl.write.1.tlog
d:\uni\advanced graphics and real-time rendering\advanced graphics framework\tutorial01\release\tutorial01.tlog\fxc.command.1.tlog
d:\uni\advanced graphics and real-time rendering\advanced graphics framework\tutorial01\release\tutorial01.tlog\fxc.read.1.tlog
d:\uni\advanced graphics and real-time rendering\advanced graphics framework\tutorial01\release\tutorial01.tlog\fxc.write.1.tlog
d:\uni\advanced graphics and real-time rendering\advanced graphics framework\tutorial01\release\tutorial01.tlog\link.command.1.tlog
d:\uni\advanced graphics and real-time rendering\advanced graphics framework\tutorial01\release\tutorial01.tlog\link.read.1.tlog
d:\uni\advanced graphics and real-time rendering\advanced graphics framework\tutorial01\release\tutorial01.tlog\link.write.1.tlog
d:\uni\advanced graphics and real-time rendering\advanced graphics framework\tutorial01\release\tutorial01.tlog\rc.command.1.tlog
d:\uni\advanced graphics and real-time rendering\advanced graphics framework\tutorial01\release\tutorial01.tlog\rc.read.1.tlog
d:\uni\advanced graphics and real-time rendering\advanced graphics framework\tutorial01\release\tutorial01.tlog\rc.write.1.tlog
d:\uni\advanced graphics and real-time rendering\advanced graphics framework\tutorial01\release\tutorial01.tlog\tutorial01.write.1u.tlog
